-1
1 40 75 1
1 100 75 1
1 160 75 1
1 220 75 2
1 280 75 2
1 340 75 3
1 400 75 3
1 460 75 3
1 520 75 3
1 580 75 4
1 640 75 5
1 700 75 6
-1
1 40 75 1
1 120 75 2
1 100 150 1
2 120 75 100 150
1 140 150 1
2 120 75 140 150
1 200 75 2
1 260 75 2
1 320 75 3
1 380 75 3
1 440 75 3
1 500 75 3
1 560 75 4
1 620 75 5
1 680 75 6
-1
1 40 75 2
1 100 75 2
1 220 75 3
1 180 150 1
2 220 75 180 150
1 260 150 2
2 220 75 260 150
1 240 225 1
2 260 150 240 225
1 280 225 1
2 260 150 280 225
1 340 75 3
1 400 75 3
1 460 75 3
1 520 75 3
1 580 75 4
1 640 75 5
1 700 75 6
-1
1 100 75 3
1 60 150 1
2 100 75 60 150
1 140 150 2
2 100 75 140 150
1 120 225 1
2 140 150 120 225
1 160 225 1
2 140 150 160 225
1 220 75 3
1 280 75 3
1 340 75 3
1 400 75 3
1 480 75 4
1 460 150 2
2 480 75 460 150
1 500 150 2
2 480 75 500 150
1 560 75 4
1 620 75 5
1 680 75 6
-1
1 40 75 3
1 100 75 3
1 160 75 3
1 240 75 4
1 220 150 2
2 240 75 220 150
1 260 150 2
2 240 75 260 150
1 320 75 4
1 380 75 5
1 580 75 6
1 500 150 3
2 580 75 500 150
1 460 225 1
2 500 150 460 225
1 540 225 2
2 500 150 540 225
1 520 300 1
2 540 225 520 300
1 560 300 1
2 540 225 560 300
1 660 150 3
2 580 75 660 150
1 780 75 6
-1
1 40 75 3
1 120 75 4
1 100 150 2
2 120 75 100 150
1 140 150 2
2 120 75 140 150
1 200 75 4
1 260 75 5
1 340 75 6
1 320 150 3
2 340 75 320 150
1 360 150 3
2 340 75 360 150
1 560 75 6
1 480 150 3
2 560 75 480 150
1 440 225 1
2 480 150 440 225
1 520 225 2
2 480 150 520 225
1 500 300 1
2 520 225 500 300
1 540 300 1
2 520 225 540 300
1 640 150 3
2 560 75 640 150
1 760 75 6
-1
1 40 75 4
1 100 75 5
1 180 75 6
1 160 150 3
2 180 75 160 150
1 200 150 3
2 180 75 200 150
1 400 75 6
1 320 150 3
2 400 75 320 150
1 280 225 1
2 320 150 280 225
1 360 225 2
2 320 150 360 225
1 340 300 1
2 360 225 340 300
1 380 300 1
2 360 225 380 300
1 480 150 3
2 400 75 480 150
1 600 75 6
1 720 75 7
1 680 150 3
2 720 75 680 150
1 760 150 4
2 720 75 760 150
1 740 225 2
2 760 150 740 225
1 780 225 2
2 760 150 780 225
-1
1 60 75 6
1 40 150 3
2 60 75 40 150
1 80 150 3
2 60 75 80 150
1 280 75 6
1 200 150 3
2 280 75 200 150
1 160 225 1
2 200 150 160 225
1 240 225 2
2 200 150 240 225
1 220 300 1
2 240 225 220 300
1 260 300 1
2 240 225 260 300
1 360 150 3
2 280 75 360 150
1 480 75 6
1 600 75 7
1 560 150 3
2 600 75 560 150
1 640 150 4
2 600 75 640 150
1 620 225 2
2 640 150 620 225
1 660 225 2
2 640 150 660 225
1 740 75 9
1 720 150 4
2 740 75 720 150
1 760 150 5
2 740 75 760 150
-1
1 40 75 6
1 160 75 7
1 120 150 3
2 160 75 120 150
1 200 150 4
2 160 75 200 150
1 180 225 2
2 200 150 180 225
1 220 225 2
2 200 150 220 225
1 300 75 9
1 280 150 4
2 300 75 280 150
1 320 150 5
2 300 75 320 150
1 680 75 12
1 520 150 6
2 680 75 520 150
1 440 225 3
2 520 150 440 225
1 600 225 3
2 520 150 600 225
1 840 150 6
2 680 75 840 150
1 760 225 3
2 840 150 760 225
1 720 300 1
2 760 225 720 300
1 800 300 2
2 760 225 800 300
1 780 375 1
2 800 300 780 375
1 820 375 1
2 800 300 820 375
1 920 225 3
2 840 150 920 225
-1
1 60 75 9
1 40 150 4
2 60 75 40 150
1 80 150 5
2 60 75 80 150
1 440 75 12
1 280 150 6
2 440 75 280 150
1 200 225 3
2 280 150 200 225
1 360 225 3
2 280 150 360 225
1 600 150 6
2 440 75 600 150
1 520 225 3
2 600 150 520 225
1 480 300 1
2 520 225 480 300
1 560 300 2
2 520 225 560 300
1 540 375 1
2 560 300 540 375
1 580 375 1
2 560 300 580 375
1 680 225 3
2 600 150 680 225
1 940 75 13
1 860 150 6
2 940 75 860 150
1 1020 150 7
2 940 75 1020 150
1 980 225 3
2 1020 150 980 225
1 1060 225 4
2 1020 150 1060 225
1 1040 300 2
2 1060 225 1040 300
1 1080 300 2
2 1060 225 1080 300
-1
1 180 75 13
1 100 150 6
2 180 75 100 150
1 260 150 7
2 180 75 260 150
1 220 225 3
2 260 150 220 225
1 300 225 4
2 260 150 300 225
1 280 300 2
2 300 225 280 300
1 320 300 2
2 300 225 320 300
1 1000 75 21
1 680 150 9
2 1000 75 680 150
1 520 225 4
2 680 150 520 225
1 840 225 5
2 680 150 840 225
1 1320 150 12
2 1000 75 1320 150
1 1160 225 6
2 1320 150 1160 225
1 1080 300 3
2 1160 225 1080 300
1 1240 300 3
2 1160 225 1240 300
1 1480 225 6
2 1320 150 1480 225
1 1400 300 3
2 1480 225 1400 300
1 1360 375 1
2 1400 300 1360 375
1 1440 375 2
2 1400 300 1440 375
1 1420 450 1
2 1440 375 1420 450
1 1460 450 1
2 1440 375 1460 450
1 1560 300 3
2 1480 225 1560 300
-1
1 1300 75 34
1 660 150 13
2 1300 75 660 150
1 340 225 6
2 660 150 340 225
1 980 225 7
2 660 150 980 225
1 820 300 3
2 980 225 820 300
1 1140 300 4
2 980 225 1140 300
1 1060 375 2
2 1140 300 1060 375
1 1220 375 2
2 1140 300 1220 375
1 1940 150 21
2 1300 75 1940 150
1 1620 225 9
2 1940 150 1620 225
1 1460 300 4
2 1620 225 1460 300
1 1780 300 5
2 1620 225 1780 300
1 2260 225 12
2 1940 150 2260 225
1 2100 300 6
2 2260 225 2100 300
1 2020 375 3
2 2100 300 2020 375
1 2180 375 3
2 2100 300 2180 375
1 2420 300 6
2 2260 225 2420 300
1 2340 375 3
2 2420 300 2340 375
1 2300 450 1
2 2340 375 2300 450
1 2380 450 2
2 2340 375 2380 450
1 2360 525 1
2 2380 450 2360 525
1 2400 525 1
2 2380 450 2400 525
1 2500 375 3
2 2420 300 2500 375
-2
